<?xml version="1.0" encoding="UTF-8"?>
<testng-results ignored="0" total="1" passed="1" failed="0" skipped="0">
  <reporter-output>
  </reporter-output>
  <suite started-at="2023-07-27T11:28:00 CDT" name="Default suite" finished-at="2023-07-27T11:28:11 CDT" duration-ms="11569">
    <groups>
    </groups>
    <test started-at="2023-07-27T11:28:00 CDT" name="Default test" finished-at="2023-07-27T11:28:11 CDT" duration-ms="11569">
      <class name="test.LoginTest">
        <test-method signature="validUserShouldBeAbleLogin()[pri:0, instance:test.LoginTest@66f57048]" started-at="2023-07-27T11:28:00 CDT" name="validUserShouldBeAbleLogin" finished-at="2023-07-27T11:28:11 CDT" duration-ms="11293" status="PASS">
          <reporter-output>
          </reporter-output>
        </test-method> <!-- validUserShouldBeAbleLogin -->
      </class> <!-- test.LoginTest -->
    </test> <!-- Default test -->
  </suite> <!-- Default suite -->
</testng-results>
