<?xml version="1.0" encoding="UTF-8"?>
<testng-results ignored="0" total="1" passed="1" failed="0" skipped="0">
  <reporter-output>
  </reporter-output>
  <suite started-at="2023-07-24T10:04:41 CDT" name="Default suite" finished-at="2023-07-24T10:04:55 CDT" duration-ms="13751">
    <groups>
    </groups>
    <test started-at="2023-07-24T10:04:41 CDT" name="Default test" finished-at="2023-07-24T10:04:55 CDT" duration-ms="13751">
      <class name="test.LoginTest">
        <test-method signature="validUserShouldBeAbleToLogin()[pri:0, instance:test.LoginTest@47e2e487]" started-at="2023-07-24T10:04:42 CDT" name="validUserShouldBeAbleToLogin" finished-at="2023-07-24T10:04:55 CDT" duration-ms="13657" status="PASS">
          <reporter-output>
          </reporter-output>
        </test-method> <!-- validUserShouldBeAbleToLogin -->
      </class> <!-- test.LoginTest -->
    </test> <!-- Default test -->
  </suite> <!-- Default suite -->
</testng-results>
